<?xml version="1.0" encoding="UTF-8"?>
<!-- Generated by org.testng.reporters.JUnitReportReporter -->
<testsuite hostname="Jasna" failures="0" tests="1" name="Test.Blazetest" time="4.390" errors="0" timestamp="2024-06-12T15:20:33 IST" skipped="0">
  <testcase classname="Test.Blazetest" name="test" time="4.390"/>
</testsuite> <!-- Test.Blazetest -->
