<?xml version="1.0" encoding="UTF-8"?>
<!-- Generated by org.testng.reporters.JUnitReportReporter -->
<testsuite hostname="Jasna" failures="0" tests="1" name="Mavenproj.Mnproject" time="1.668" errors="0" timestamp="2024-05-30T22:39:21 IST" skipped="0">
  <testcase classname="Mavenproj.Mnproject" name="test1" time="1.668"/>
</testsuite> <!-- Mavenproj.Mnproject -->
