<?xml version="1.0" encoding="UTF-8"?>
<!-- Generated by org.testng.reporters.JUnitReportReporter -->
<testsuite hostname="Jasna" failures="0" tests="1" name="Test.Janasyatest" time="27.262" errors="0" timestamp="2024-06-12T14:40:23 IST" skipped="0">
  <testcase classname="Test.Janasyatest" name="test1" time="27.262"/>
</testsuite> <!-- Test.Janasyatest -->
