<?xml version="1.0" encoding="UTF-8"?>
<!-- Generated by org.testng.reporters.JUnitReportReporter -->
<testsuite hostname="Jasna" failures="0" tests="1" name="Test.Regtestpage" time="4.088" errors="0" timestamp="2024-06-01T17:55:12 IST" skipped="0">
  <testcase classname="Test.Regtestpage" name="testregister" time="4.088"/>
</testsuite> <!-- Test.Regtestpage -->
